Test Report with Coverage - Generated at: 2025-03-23 00:58:16
==========================================================


  [30;43;1m WARN [39;49;22m Test results may not be as expected because the XML configuration file did not pass validation:

  Line 16:
  - Element 'include': This element is not expected.


   FAIL  Tests\Unit\Middleware\CheckUserRoleTest
  â¨¯ middleware allows access when user has required role                                                                                       0.04s  
  â¨¯ middleware allows access when user has one of multiple roles
  â¨¯ middleware redirects when user does not have required role
  âœ“ middleware redirects guest to login                                                                                                        0.03s  
  â¨¯ middleware redirects to superadmin dashboard for superadmin

   PASS  Tests\Unit\Models\UserTest
  âœ“ has role returns true for matching role                                                                                                    0.01s  
  âœ“ has role returns false for non matching role
  âœ“ is super admin returns true for superadmin role
  âœ“ is super admin returns false for non superadmin role
  âœ“ is admin returns true for admin role
  âœ“ is admin returns false for non admin role

   FAIL  Tests\Unit\Repositories\UserRepositoryTest
  âœ“ find by email returns user with matching email
  âœ“ find by username returns user with matching username
  âœ“ find by role returns users with matching role
  âœ“ all returns all users
  âœ“ find returns user with matching id
  â¨¯ create creates and returns new user
  âœ“ update updates and returns true on success
  âœ“ update returns false when user not found
  âœ“ delete deletes and returns true on success
  âœ“ delete returns false when user not found

   FAIL  Tests\Unit\Services\ActivityLoggerServiceTest
  â¨¯ log login creates login activity log
  â¨¯ log logout creates logout activity log
  â¨¯ log failed login creates failed login activity log

   FAIL  Tests\Unit\Services\AuthenticationServiceTest
  â¨¯ login authenticates and redirects admin                                                                                                    0.01s  
  â¨¯ login handles validation exception and logs failed attempt
  â¨¯ redirect based on role redirects superadmin to superadmin dashboard
  â¨¯ redirect based on role redirects admin to admin dashboard
  â¨¯ logout logs out user and invalidates session

   FAIL  Tests\Unit\Services\AuthenticatorServiceTest
  â¨¯ attempt returns true with valid username and password
  â¨¯ attempt returns true with valid email and password
  â¨¯ attempt returns false with invalid password
  âœ“ attempt returns false with non existent user
  ! logout calls auth logout â†’ This test did not perform any assertions
  âœ“ user returns authenticated user
  âœ“ check returns authentication status
  âœ“ guest returns guest status

   FAIL  Tests\Feature\Auth\AuthenticationIntegrationTest
  â¨¯ complete login logout flow with activity logging                                                                                           0.78s  
  â¨¯ failed login attempts are properly logged                                                                                                  0.02s  
  â¨¯ rate limiting after multiple failed attempts                                                                                               0.29s  
  â¨¯ role based redirection after login                                                                                                         0.04s  
  â¨¯ permissions cascade properly                                                                                                               0.02s  

   FAIL  Tests\Feature\Auth\LoginSecurityTest
  â¨¯ login error messages are ambiguous for security                                                                                            0.06s  
  â¨¯ rate limiting uses ip address only for security                                                                                            0.05s  
  â¨¯ csrf protection for login form                                                                                                             0.73s  
  â¨¯ session regeneration on login for security                                                                                                 0.04s  

   FAIL  Tests\Feature\Auth\LoginTest
  âœ“ login page loads successfully                                                                                                              0.05s  
  â¨¯ user can login with username                                                                                                               0.04s  
  â¨¯ user can login with email                                                                                                                  0.04s  
  â¨¯ superadmin login redirects to superadmin dashboard                                                                                         0.04s  
  â¨¯ login with invalid credentials fails                                                                                                       0.05s  
  â¨¯ login with non existent user fails                                                                                                         0.04s  
  â¨¯ username is required                                                                                                                       0.03s  
  â¨¯ password is required                                                                                                                       0.03s  
  â¨¯ remember me functionality                                                                                                                  0.03s  

   FAIL  Tests\Feature\Auth\LogoutTest
  â¨¯ user can logout                                                                                                                            0.04s  
  â¨¯ unauthenticated users cannot logout                                                                                                        0.03s  
  â¨¯ session is regenerated on logout                                                                                                           0.03s  

   FAIL  Tests\Feature\Auth\RoleAuthorizationTest
  â¨¯ superadmin can access superadmin dashboard                                                                                                 0.03s  
  â¨¯ admin cannot access superadmin dashboard                                                                                                   0.03s  
  â¨¯ admin can access admin dashboard                                                                                                           0.03s  
  â¨¯ superadmin can access admin dashboard                                                                                                      0.03s  
  âœ“ guest cannot access admin dashboard                                                                                                        0.03s  
  âœ“ guest cannot access superadmin dashboard                                                                                                   0.03s  
  âœ“ root path redirects to login for guest                                                                                                     0.03s  
  â¨¯ fallback route redirects to appropriate dashboard for authenticated user                                                                   0.05s  
  âœ“ fallback route redirects to login for guest                                                                                                0.02s  
  â”€â”€â”€â”€â”€â”€â”€â”€â”€â”€â”€â”€â”€â”€â”€â”€â”€â”€â”€â”€â”€â”€â”€â”€â”€â”€â”€â”€â”€â”€â”€â”€â”€â”€â”€â”€â”€â”€â”€â”€â”€â”€â”€â”€â”€â”€â”€â”€â”€â”€â”€â”€â”€â”€â”€â”€â”€â”€â”€â”€â”€â”€â”€â”€â”€â”€â”€â”€â”€â”€â”€â”€â”€â”€â”€â”€â”€â”€â”€â”€â”€â”€â”€â”€â”€â”€â”€â”€â”€â”€â”€â”€â”€â”€â”€â”€â”€â”€â”€â”€â”€â”€â”€â”€â”€â”€â”€â”€â”€â”€â”€â”€â”€â”€â”€â”€â”€â”€â”€â”€â”€â”€â”€â”€â”€â”€â”€â”€â”€â”€â”€â”€â”€â”€â”€â”€â”€â”€â”€â”€â”€â”€â”€â”€â”€â”€  
   FAILED  Tests\Unit\Middleware\CheckUserRoleTest > middleware allows access when user has required role                    BadMethodCallException   
  Received Mockery_0_App_Models_User::setAttribute(), but no expectations were specified

  at vendor\laravel\framework\src\Illuminate\Database\Eloquent\Model.php:2273
    2269â–•      * @return void
    2270â–•      */
    2271â–•     public function __set($key, $value)
    2272â–•     {
  âžœ 2273â–•         $this->setAttribute($key, $value);
    2274â–•     }
    2275â–• 
    2276â–•     /**
    2277â–•      * Determine if the given attribute exists.

  1   vendor\laravel\framework\src\Illuminate\Database\Eloquent\Model.php:2273
  2   tests\Unit\Middleware\CheckUserRoleTest.php:28

  â”€â”€â”€â”€â”€â”€â”€â”€â”€â”€â”€â”€â”€â”€â”€â”€â”€â”€â”€â”€â”€â”€â”€â”€â”€â”€â”€â”€â”€â”€â”€â”€â”€â”€â”€â”€â”€â”€â”€â”€â”€â”€â”€â”€â”€â”€â”€â”€â”€â”€â”€â”€â”€â”€â”€â”€â”€â”€â”€â”€â”€â”€â”€â”€â”€â”€â”€â”€â”€â”€â”€â”€â”€â”€â”€â”€â”€â”€â”€â”€â”€â”€â”€â”€â”€â”€â”€â”€â”€â”€â”€â”€â”€â”€â”€â”€â”€â”€â”€â”€â”€â”€â”€â”€â”€â”€â”€â”€â”€â”€â”€â”€â”€â”€â”€â”€â”€â”€â”€â”€â”€â”€â”€â”€â”€â”€â”€â”€â”€â”€â”€â”€â”€â”€â”€â”€â”€â”€â”€â”€â”€â”€â”€â”€â”€â”€  
   FAILED  Tests\Unit\Middleware\CheckUserRoleTest > middleware allows access when user has one of multiple roles            BadMethodCallException   
  Received Mockery_0_App_Models_User::setAttribute(), but no expectations were specified

  at vendor\laravel\framework\src\Illuminate\Database\Eloquent\Model.php:2273
    2269â–•      * @return void
    2270â–•      */
    2271â–•     public function __set($key, $value)
    2272â–•     {
  âžœ 2273â–•         $this->setAttribute($key, $value);
    2274â–•     }
    2275â–• 
    2276â–•     /**
    2277â–•      * Determine if the given attribute exists.

  1   vendor\laravel\framework\src\Illuminate\Database\Eloquent\Model.php:2273
  2   tests\Unit\Middleware\CheckUserRoleTest.php:59

  â”€â”€â”€â”€â”€â”€â”€â”€â”€â”€â”€â”€â”€â”€â”€â”€â”€â”€â”€â”€â”€â”€â”€â”€â”€â”€â”€â”€â”€â”€â”€â”€â”€â”€â”€â”€â”€â”€â”€â”€â”€â”€â”€â”€â”€â”€â”€â”€â”€â”€â”€â”€â”€â”€â”€â”€â”€â”€â”€â”€â”€â”€â”€â”€â”€â”€â”€â”€â”€â”€â”€â”€â”€â”€â”€â”€â”€â”€â”€â”€â”€â”€â”€â”€â”€â”€â”€â”€â”€â”€â”€â”€â”€â”€â”€â”€â”€â”€â”€â”€â”€â”€â”€â”€â”€â”€â”€â”€â”€â”€â”€â”€â”€â”€â”€â”€â”€â”€â”€â”€â”€â”€â”€â”€â”€â”€â”€â”€â”€â”€â”€â”€â”€â”€â”€â”€â”€â”€â”€â”€â”€â”€â”€â”€â”€â”€  
   FAILED  Tests\Unit\Middleware\CheckUserRoleTest > middleware redirects when user does not have required role              BadMethodCallException   
  Received Mockery_0_App_Models_User::setAttribute(), but no expectations were specified

  at vendor\laravel\framework\src\Illuminate\Database\Eloquent\Model.php:2273
    2269â–•      * @return void
    2270â–•      */
    2271â–•     public function __set($key, $value)
    2272â–•     {
  âžœ 2273â–•         $this->setAttribute($key, $value);
    2274â–•     }
    2275â–• 
    2276â–•     /**
    2277â–•      * Determine if the given attribute exists.

  1   vendor\laravel\framework\src\Illuminate\Database\Eloquent\Model.php:2273
  2   tests\Unit\Middleware\CheckUserRoleTest.php:90

  â”€â”€â”€â”€â”€â”€â”€â”€â”€â”€â”€â”€â”€â”€â”€â”€â”€â”€â”€â”€â”€â”€â”€â”€â”€â”€â”€â”€â”€â”€â”€â”€â”€â”€â”€â”€â”€â”€â”€â”€â”€â”€â”€â”€â”€â”€â”€â”€â”€â”€â”€â”€â”€â”€â”€â”€â”€â”€â”€â”€â”€â”€â”€â”€â”€â”€â”€â”€â”€â”€â”€â”€â”€â”€â”€â”€â”€â”€â”€â”€â”€â”€â”€â”€â”€â”€â”€â”€â”€â”€â”€â”€â”€â”€â”€â”€â”€â”€â”€â”€â”€â”€â”€â”€â”€â”€â”€â”€â”€â”€â”€â”€â”€â”€â”€â”€â”€â”€â”€â”€â”€â”€â”€â”€â”€â”€â”€â”€â”€â”€â”€â”€â”€â”€â”€â”€â”€â”€â”€â”€â”€â”€â”€â”€â”€â”€  
   FAILED  Tests\Unit\Middleware\CheckUserRoleTest > middleware redirects to superadmin dashboard for superadmin             BadMethodCallException   
  Received Mockery_0_App_Models_User::setAttribute(), but no expectations were specified

  at vendor\laravel\framework\src\Illuminate\Database\Eloquent\Model.php:2273
    2269â–•      * @return void
    2270â–•      */
    2271â–•     public function __set($key, $value)
    2272â–•     {
  âžœ 2273â–•         $this->setAttribute($key, $value);
    2274â–•     }
    2275â–• 
    2276â–•     /**
    2277â–•      * Determine if the given attribute exists.

  1   vendor\laravel\framework\src\Illuminate\Database\Eloquent\Model.php:2273
  2   tests\Unit\Middleware\CheckUserRoleTest.php:161

  â”€â”€â”€â”€â”€â”€â”€â”€â”€â”€â”€â”€â”€â”€â”€â”€â”€â”€â”€â”€â”€â”€â”€â”€â”€â”€â”€â”€â”€â”€â”€â”€â”€â”€â”€â”€â”€â”€â”€â”€â”€â”€â”€â”€â”€â”€â”€â”€â”€â”€â”€â”€â”€â”€â”€â”€â”€â”€â”€â”€â”€â”€â”€â”€â”€â”€â”€â”€â”€â”€â”€â”€â”€â”€â”€â”€â”€â”€â”€â”€â”€â”€â”€â”€â”€â”€â”€â”€â”€â”€â”€â”€â”€â”€â”€â”€â”€â”€â”€â”€â”€â”€â”€â”€â”€â”€â”€â”€â”€â”€â”€â”€â”€â”€â”€â”€â”€â”€â”€â”€â”€â”€â”€â”€â”€â”€â”€â”€â”€â”€â”€â”€â”€â”€â”€â”€â”€â”€â”€â”€â”€â”€â”€â”€â”€â”€  
   FAILED  Tests\Unit\Repositories\UserRepositoryTest > create creates and returns new user                                        RuntimeException   
  A facade root has not been set.

  at vendor\laravel\framework\src\Illuminate\Support\Facades\Facade.php:358
    354â–•     {
    355â–•         $instance = static::getFacadeRoot();
    356â–• 
    357â–•         if (! $instance) {
  âžœ 358â–•             throw new RuntimeException('A facade root has not been set.');
    359â–•         }
    360â–• 
    361â–•         return $instance->$method(...$args);
    362â–•     }

  1   vendor\laravel\framework\src\Illuminate\Support\Facades\Facade.php:358
  2   vendor\laravel\framework\src\Illuminate\Database\Eloquent\Concerns\HasAttributes.php:1431

  â”€â”€â”€â”€â”€â”€â”€â”€â”€â”€â”€â”€â”€â”€â”€â”€â”€â”€â”€â”€â”€â”€â”€â”€â”€â”€â”€â”€â”€â”€â”€â”€â”€â”€â”€â”€â”€â”€â”€â”€â”€â”€â”€â”€â”€â”€â”€â”€â”€â”€â”€â”€â”€â”€â”€â”€â”€â”€â”€â”€â”€â”€â”€â”€â”€â”€â”€â”€â”€â”€â”€â”€â”€â”€â”€â”€â”€â”€â”€â”€â”€â”€â”€â”€â”€â”€â”€â”€â”€â”€â”€â”€â”€â”€â”€â”€â”€â”€â”€â”€â”€â”€â”€â”€â”€â”€â”€â”€â”€â”€â”€â”€â”€â”€â”€â”€â”€â”€â”€â”€â”€â”€â”€â”€â”€â”€â”€â”€â”€â”€â”€â”€â”€â”€â”€â”€â”€â”€â”€â”€â”€â”€â”€â”€â”€â”€  
   FAILED  Tests\Unit\Services\ActivityLoggerServiceTest > log login creates login activity log                                               Error   
  Cannot instantiate abstract class Illuminate\Database\Eloquent\Model

  at tests\Unit\Services\ActivityLoggerServiceTest.php:51
     47â–•                 'description' => 'User logged in successfully',
     48â–•                 'ip_address' => $ipAddress,
     49â–•                 'user_agent' => $userAgent,
     50â–•             ])
  âžœ  51â–•             ->andReturn(new Model());
     52â–• 
     53â–•         $activityLogger = new ActivityLoggerService();
     54â–• 
     55â–•         // Act

  1   tests\Unit\Services\ActivityLoggerServiceTest.php:51

  â”€â”€â”€â”€â”€â”€â”€â”€â”€â”€â”€â”€â”€â”€â”€â”€â”€â”€â”€â”€â”€â”€â”€â”€â”€â”€â”€â”€â”€â”€â”€â”€â”€â”€â”€â”€â”€â”€â”€â”€â”€â”€â”€â”€â”€â”€â”€â”€â”€â”€â”€â”€â”€â”€â”€â”€â”€â”€â”€â”€â”€â”€â”€â”€â”€â”€â”€â”€â”€â”€â”€â”€â”€â”€â”€â”€â”€â”€â”€â”€â”€â”€â”€â”€â”€â”€â”€â”€â”€â”€â”€â”€â”€â”€â”€â”€â”€â”€â”€â”€â”€â”€â”€â”€â”€â”€â”€â”€â”€â”€â”€â”€â”€â”€â”€â”€â”€â”€â”€â”€â”€â”€â”€â”€â”€â”€â”€â”€â”€â”€â”€â”€â”€â”€â”€â”€â”€â”€â”€â”€â”€â”€â”€â”€â”€â”€  
   FAILED  Tests\Unit\Services\ActivityLoggerServiceTest > log logout creates logout activity log                                             Error   
  Cannot instantiate abstract class Illuminate\Database\Eloquent\Model

  at tests\Unit\Services\ActivityLoggerServiceTest.php:91
     87â–•                 'description' => 'User logged out',
     88â–•                 'ip_address' => $ipAddress,
     89â–•                 'user_agent' => $userAgent,
     90â–•             ])
  âžœ  91â–•             ->andReturn(new Model());
     92â–• 
     93â–•         $activityLogger = new ActivityLoggerService();
     94â–• 
     95â–•         // Act

  1   tests\Unit\Services\ActivityLoggerServiceTest.php:91

  â”€â”€â”€â”€â”€â”€â”€â”€â”€â”€â”€â”€â”€â”€â”€â”€â”€â”€â”€â”€â”€â”€â”€â”€â”€â”€â”€â”€â”€â”€â”€â”€â”€â”€â”€â”€â”€â”€â”€â”€â”€â”€â”€â”€â”€â”€â”€â”€â”€â”€â”€â”€â”€â”€â”€â”€â”€â”€â”€â”€â”€â”€â”€â”€â”€â”€â”€â”€â”€â”€â”€â”€â”€â”€â”€â”€â”€â”€â”€â”€â”€â”€â”€â”€â”€â”€â”€â”€â”€â”€â”€â”€â”€â”€â”€â”€â”€â”€â”€â”€â”€â”€â”€â”€â”€â”€â”€â”€â”€â”€â”€â”€â”€â”€â”€â”€â”€â”€â”€â”€â”€â”€â”€â”€â”€â”€â”€â”€â”€â”€â”€â”€â”€â”€â”€â”€â”€â”€â”€â”€â”€â”€â”€â”€â”€â”€  
   FAILED  Tests\Unit\Services\ActivityLoggerServiceTest > log failed login creates failed login activity log                                 Error   
  Cannot instantiate abstract class Illuminate\Database\Eloquent\Model

  at tests\Unit\Services\ActivityLoggerServiceTest.php:129
    125â–•                 'description' => 'Failed login attempt',
    126â–•                 'ip_address' => $ipAddress,
    127â–•                 'user_agent' => $userAgent,
    128â–•             ])
  âžœ 129â–•             ->andReturn(new Model());
    130â–• 
    131â–•         $activityLogger = new ActivityLoggerService();
    132â–• 
    133â–•         // Act

  1   tests\Unit\Services\ActivityLoggerServiceTest.php:129

  â”€â”€â”€â”€â”€â”€â”€â”€â”€â”€â”€â”€â”€â”€â”€â”€â”€â”€â”€â”€â”€â”€â”€â”€â”€â”€â”€â”€â”€â”€â”€â”€â”€â”€â”€â”€â”€â”€â”€â”€â”€â”€â”€â”€â”€â”€â”€â”€â”€â”€â”€â”€â”€â”€â”€â”€â”€â”€â”€â”€â”€â”€â”€â”€â”€â”€â”€â”€â”€â”€â”€â”€â”€â”€â”€â”€â”€â”€â”€â”€â”€â”€â”€â”€â”€â”€â”€â”€â”€â”€â”€â”€â”€â”€â”€â”€â”€â”€â”€â”€â”€â”€â”€â”€â”€â”€â”€â”€â”€â”€â”€â”€â”€â”€â”€â”€â”€â”€â”€â”€â”€â”€â”€â”€â”€â”€â”€â”€â”€â”€â”€â”€â”€â”€â”€â”€â”€â”€â”€â”€â”€â”€â”€â”€â”€â”€  
   FAILED  Tests\Unit\Services\AuthenticationServiceTest > login authenticates and redirects admin                           BadMethodCallException   
  Method Mockery_1::user() does not exist on this mock object

  at vendor\laravel\framework\src\Illuminate\Support\Facades\Facade.php:361
    357â–•         if (! $instance) {
    358â–•             throw new RuntimeException('A facade root has not been set.');
    359â–•         }
    360â–• 
  âžœ 361â–•         return $instance->$method(...$args);
    362â–•     }
    363â–• }
    364â–•

  1   vendor\laravel\framework\src\Illuminate\Support\Facades\Facade.php:361
  2   app\Services\AuthenticationService.php:45

  â”€â”€â”€â”€â”€â”€â”€â”€â”€â”€â”€â”€â”€â”€â”€â”€â”€â”€â”€â”€â”€â”€â”€â”€â”€â”€â”€â”€â”€â”€â”€â”€â”€â”€â”€â”€â”€â”€â”€â”€â”€â”€â”€â”€â”€â”€â”€â”€â”€â”€â”€â”€â”€â”€â”€â”€â”€â”€â”€â”€â”€â”€â”€â”€â”€â”€â”€â”€â”€â”€â”€â”€â”€â”€â”€â”€â”€â”€â”€â”€â”€â”€â”€â”€â”€â”€â”€â”€â”€â”€â”€â”€â”€â”€â”€â”€â”€â”€â”€â”€â”€â”€â”€â”€â”€â”€â”€â”€â”€â”€â”€â”€â”€â”€â”€â”€â”€â”€â”€â”€â”€â”€â”€â”€â”€â”€â”€â”€â”€â”€â”€â”€â”€â”€â”€â”€â”€â”€â”€â”€â”€â”€â”€â”€â”€â”€  
   FAILED  Tests\Unit\Services\AuthenticationServiceTest > login handles validation exception and logs failed attempt              RuntimeException   
  A facade root has not been set.

  at vendor\laravel\framework\src\Illuminate\Support\Facades\Facade.php:358
    354â–•     {
    355â–•         $instance = static::getFacadeRoot();
    356â–• 
    357â–•         if (! $instance) {
  âžœ 358â–•             throw new RuntimeException('A facade root has not been set.');
    359â–•         }
    360â–• 
    361â–•         return $instance->$method(...$args);
    362â–•     }

  1   vendor\laravel\framework\src\Illuminate\Support\Facades\Facade.php:358
  2   vendor\laravel\framework\src\Illuminate\Validation\ValidationException.php:71

  â”€â”€â”€â”€â”€â”€â”€â”€â”€â”€â”€â”€â”€â”€â”€â”€â”€â”€â”€â”€â”€â”€â”€â”€â”€â”€â”€â”€â”€â”€â”€â”€â”€â”€â”€â”€â”€â”€â”€â”€â”€â”€â”€â”€â”€â”€â”€â”€â”€â”€â”€â”€â”€â”€â”€â”€â”€â”€â”€â”€â”€â”€â”€â”€â”€â”€â”€â”€â”€â”€â”€â”€â”€â”€â”€â”€â”€â”€â”€â”€â”€â”€â”€â”€â”€â”€â”€â”€â”€â”€â”€â”€â”€â”€â”€â”€â”€â”€â”€â”€â”€â”€â”€â”€â”€â”€â”€â”€â”€â”€â”€â”€â”€â”€â”€â”€â”€â”€â”€â”€â”€â”€â”€â”€â”€â”€â”€â”€â”€â”€â”€â”€â”€â”€â”€â”€â”€â”€â”€â”€â”€â”€â”€â”€â”€â”€  
   FAILED  Tests\Unit\Services\AuthenticationServiceTest > redirect based on role redirects superadmin to superadmin dashbâ€¦  BadMethodCallException   
  Method Mockery_1::user() does not exist on this mock object

  at vendor\laravel\framework\src\Illuminate\Support\Facades\Facade.php:361
    357â–•         if (! $instance) {
    358â–•             throw new RuntimeException('A facade root has not been set.');
    359â–•         }
    360â–• 
  âžœ 361â–•         return $instance->$method(...$args);
    362â–•     }
    363â–• }
    364â–•

  1   vendor\laravel\framework\src\Illuminate\Support\Facades\Facade.php:361
  2   app\Services\AuthenticationService.php:61

  â”€â”€â”€â”€â”€â”€â”€â”€â”€â”€â”€â”€â”€â”€â”€â”€â”€â”€â”€â”€â”€â”€â”€â”€â”€â”€â”€â”€â”€â”€â”€â”€â”€â”€â”€â”€â”€â”€â”€â”€â”€â”€â”€â”€â”€â”€â”€â”€â”€â”€â”€â”€â”€â”€â”€â”€â”€â”€â”€â”€â”€â”€â”€â”€â”€â”€â”€â”€â”€â”€â”€â”€â”€â”€â”€â”€â”€â”€â”€â”€â”€â”€â”€â”€â”€â”€â”€â”€â”€â”€â”€â”€â”€â”€â”€â”€â”€â”€â”€â”€â”€â”€â”€â”€â”€â”€â”€â”€â”€â”€â”€â”€â”€â”€â”€â”€â”€â”€â”€â”€â”€â”€â”€â”€â”€â”€â”€â”€â”€â”€â”€â”€â”€â”€â”€â”€â”€â”€â”€â”€â”€â”€â”€â”€â”€â”€  
   FAILED  Tests\Unit\Services\AuthenticationServiceTest > redirect based on role redirects admin to admin dashboard         BadMethodCallException   
  Method Mockery_1::user() does not exist on this mock object

  at vendor\laravel\framework\src\Illuminate\Support\Facades\Facade.php:361
    357â–•         if (! $instance) {
    358â–•             throw new RuntimeException('A facade root has not been set.');
    359â–•         }
    360â–• 
  âžœ 361â–•         return $instance->$method(...$args);
    362â–•     }
    363â–• }
    364â–•

  1   vendor\laravel\framework\src\Illuminate\Support\Facades\Facade.php:361
  2   app\Services\AuthenticationService.php:61

  â”€â”€â”€â”€â”€â”€â”€â”€â”€â”€â”€â”€â”€â”€â”€â”€â”€â”€â”€â”€â”€â”€â”€â”€â”€â”€â”€â”€â”€â”€â”€â”€â”€â”€â”€â”€â”€â”€â”€â”€â”€â”€â”€â”€â”€â”€â”€â”€â”€â”€â”€â”€â”€â”€â”€â”€â”€â”€â”€â”€â”€â”€â”€â”€â”€â”€â”€â”€â”€â”€â”€â”€â”€â”€â”€â”€â”€â”€â”€â”€â”€â”€â”€â”€â”€â”€â”€â”€â”€â”€â”€â”€â”€â”€â”€â”€â”€â”€â”€â”€â”€â”€â”€â”€â”€â”€â”€â”€â”€â”€â”€â”€â”€â”€â”€â”€â”€â”€â”€â”€â”€â”€â”€â”€â”€â”€â”€â”€â”€â”€â”€â”€â”€â”€â”€â”€â”€â”€â”€â”€â”€â”€â”€â”€â”€â”€  
   FAILED  Tests\Unit\Services\AuthenticationServiceTest > logout logs out user and invalidates session                      BadMethodCallException   
  Method Mockery_1::logout() does not exist on this mock object

  at vendor\laravel\framework\src\Illuminate\Support\Facades\Facade.php:361
    357â–•         if (! $instance) {
    358â–•             throw new RuntimeException('A facade root has not been set.');
    359â–•         }
    360â–• 
  âžœ 361â–•         return $instance->$method(...$args);
    362â–•     }
    363â–• }
    364â–•

  1   vendor\laravel\framework\src\Illuminate\Support\Facades\Facade.php:361
  2   app\Services\AuthenticationService.php:80

  â”€â”€â”€â”€â”€â”€â”€â”€â”€â”€â”€â”€â”€â”€â”€â”€â”€â”€â”€â”€â”€â”€â”€â”€â”€â”€â”€â”€â”€â”€â”€â”€â”€â”€â”€â”€â”€â”€â”€â”€â”€â”€â”€â”€â”€â”€â”€â”€â”€â”€â”€â”€â”€â”€â”€â”€â”€â”€â”€â”€â”€â”€â”€â”€â”€â”€â”€â”€â”€â”€â”€â”€â”€â”€â”€â”€â”€â”€â”€â”€â”€â”€â”€â”€â”€â”€â”€â”€â”€â”€â”€â”€â”€â”€â”€â”€â”€â”€â”€â”€â”€â”€â”€â”€â”€â”€â”€â”€â”€â”€â”€â”€â”€â”€â”€â”€â”€â”€â”€â”€â”€â”€â”€â”€â”€â”€â”€â”€â”€â”€â”€â”€â”€â”€â”€â”€â”€â”€â”€â”€â”€â”€â”€â”€â”€â”€  
   FAILED  Tests\Unit\Services\AuthenticatorServiceTest > attempt returns true with valid username and password                    RuntimeException   
  A facade root has not been set.

  at vendor\laravel\framework\src\Illuminate\Support\Facades\Facade.php:358
    354â–•     {
    355â–•         $instance = static::getFacadeRoot();
    356â–• 
    357â–•         if (! $instance) {
  âžœ 358â–•             throw new RuntimeException('A facade root has not been set.');
    359â–•         }
    360â–• 
    361â–•         return $instance->$method(...$args);
    362â–•     }

  1   vendor\laravel\framework\src\Illuminate\Support\Facades\Facade.php:358
  2   tests\Unit\Services\AuthenticatorServiceTest.php:30

  â”€â”€â”€â”€â”€â”€â”€â”€â”€â”€â”€â”€â”€â”€â”€â”€â”€â”€â”€â”€â”€â”€â”€â”€â”€â”€â”€â”€â”€â”€â”€â”€â”€â”€â”€â”€â”€â”€â”€â”€â”€â”€â”€â”€â”€â”€â”€â”€â”€â”€â”€â”€â”€â”€â”€â”€â”€â”€â”€â”€â”€â”€â”€â”€â”€â”€â”€â”€â”€â”€â”€â”€â”€â”€â”€â”€â”€â”€â”€â”€â”€â”€â”€â”€â”€â”€â”€â”€â”€â”€â”€â”€â”€â”€â”€â”€â”€â”€â”€â”€â”€â”€â”€â”€â”€â”€â”€â”€â”€â”€â”€â”€â”€â”€â”€â”€â”€â”€â”€â”€â”€â”€â”€â”€â”€â”€â”€â”€â”€â”€â”€â”€â”€â”€â”€â”€â”€â”€â”€â”€â”€â”€â”€â”€â”€â”€  
   FAILED  Tests\Unit\Services\AuthenticatorServiceTest > attempt returns true with valid email and password                       RuntimeException   
  A facade root has not been set.

  at vendor\laravel\framework\src\Illuminate\Support\Facades\Facade.php:358
    354â–•     {
    355â–•         $instance = static::getFacadeRoot();
    356â–• 
    357â–•         if (! $instance) {
  âžœ 358â–•             throw new RuntimeException('A facade root has not been set.');
    359â–•         }
    360â–• 
    361â–•         return $instance->$method(...$args);
    362â–•     }

  1   vendor\laravel\framework\src\Illuminate\Support\Facades\Facade.php:358
  2   tests\Unit\Services\AuthenticatorServiceTest.php:61

  â”€â”€â”€â”€â”€â”€â”€â”€â”€â”€â”€â”€â”€â”€â”€â”€â”€â”€â”€â”€â”€â”€â”€â”€â”€â”€â”€â”€â”€â”€â”€â”€â”€â”€â”€â”€â”€â”€â”€â”€â”€â”€â”€â”€â”€â”€â”€â”€â”€â”€â”€â”€â”€â”€â”€â”€â”€â”€â”€â”€â”€â”€â”€â”€â”€â”€â”€â”€â”€â”€â”€â”€â”€â”€â”€â”€â”€â”€â”€â”€â”€â”€â”€â”€â”€â”€â”€â”€â”€â”€â”€â”€â”€â”€â”€â”€â”€â”€â”€â”€â”€â”€â”€â”€â”€â”€â”€â”€â”€â”€â”€â”€â”€â”€â”€â”€â”€â”€â”€â”€â”€â”€â”€â”€â”€â”€â”€â”€â”€â”€â”€â”€â”€â”€â”€â”€â”€â”€â”€â”€â”€â”€â”€â”€â”€â”€  
   FAILED  Tests\Unit\Services\AuthenticatorServiceTest > attempt returns false with invalid password                              RuntimeException   
  A facade root has not been set.

  at vendor\laravel\framework\src\Illuminate\Support\Facades\Facade.php:358
    354â–•     {
    355â–•         $instance = static::getFacadeRoot();
    356â–• 
    357â–•         if (! $instance) {
  âžœ 358â–•             throw new RuntimeException('A facade root has not been set.');
    359â–•         }
    360â–• 
    361â–•         return $instance->$method(...$args);
    362â–•     }

  1   vendor\laravel\framework\src\Illuminate\Support\Facades\Facade.php:358
  2   tests\Unit\Services\AuthenticatorServiceTest.php:92

  â”€â”€â”€â”€â”€â”€â”€â”€â”€â”€â”€â”€â”€â”€â”€â”€â”€â”€â”€â”€â”€â”€â”€â”€â”€â”€â”€â”€â”€â”€â”€â”€â”€â”€â”€â”€â”€â”€â”€â”€â”€â”€â”€â”€â”€â”€â”€â”€â”€â”€â”€â”€â”€â”€â”€â”€â”€â”€â”€â”€â”€â”€â”€â”€â”€â”€â”€â”€â”€â”€â”€â”€â”€â”€â”€â”€â”€â”€â”€â”€â”€â”€â”€â”€â”€â”€â”€â”€â”€â”€â”€â”€â”€â”€â”€â”€â”€â”€â”€â”€â”€â”€â”€â”€â”€â”€â”€â”€â”€â”€â”€â”€â”€â”€â”€â”€â”€â”€â”€â”€â”€â”€â”€â”€â”€â”€â”€â”€â”€â”€â”€â”€â”€â”€â”€â”€â”€â”€â”€â”€â”€â”€â”€â”€â”€â”€  
   FAILED  Tests\Feature\Auth\AuthenticationIntegrationTest > complete login logout flow with activity logging                                        
  Expected response status code [201, 301, 302, 303, 307, 308] but received 419.
Failed asserting that false is true.

  at tests\Feature\Auth\AuthenticationIntegrationTest.php:33
     29â–•             'password' => 'password',
     30â–•         ]);
     31â–• 
     32â–•         // Assert - Part 1: Login successful
  âžœ  33â–•         $response->assertRedirect('/admin/dashboard');
     34â–•         $this->assertAuthenticatedAs($user);
     35â–•         
     36â–•         // Assert login activity was logged
     37â–•         $this->assertDatabaseHas('activity_logs', [

  â”€â”€â”€â”€â”€â”€â”€â”€â”€â”€â”€â”€â”€â”€â”€â”€â”€â”€â”€â”€â”€â”€â”€â”€â”€â”€â”€â”€â”€â”€â”€â”€â”€â”€â”€â”€â”€â”€â”€â”€â”€â”€â”€â”€â”€â”€â”€â”€â”€â”€â”€â”€â”€â”€â”€â”€â”€â”€â”€â”€â”€â”€â”€â”€â”€â”€â”€â”€â”€â”€â”€â”€â”€â”€â”€â”€â”€â”€â”€â”€â”€â”€â”€â”€â”€â”€â”€â”€â”€â”€â”€â”€â”€â”€â”€â”€â”€â”€â”€â”€â”€â”€â”€â”€â”€â”€â”€â”€â”€â”€â”€â”€â”€â”€â”€â”€â”€â”€â”€â”€â”€â”€â”€â”€â”€â”€â”€â”€â”€â”€â”€â”€â”€â”€â”€â”€â”€â”€â”€â”€â”€â”€â”€â”€â”€â”€  
   FAILED  Tests\Feature\Auth\AuthenticationIntegrationTest > failed login attempts are properly logged                                               
  Expected response status code [201, 301, 302, 303, 307, 308] but received 419.
Failed asserting that false is true.

  at tests\Feature\Auth\AuthenticationIntegrationTest.php:86
     82â–•             'password' => 'wrongpassword',
     83â–•         ]);
     84â–• 
     85â–•         // Assert - Login failed
  âžœ  86â–•         $response->assertRedirect();
     87â–•         $response->assertSessionHasErrors('username');
     88â–•         $this->assertGuest();
     89â–•         
     90â–•         // Assert failed login activity was logged

  â”€â”€â”€â”€â”€â”€â”€â”€â”€â”€â”€â”€â”€â”€â”€â”€â”€â”€â”€â”€â”€â”€â”€â”€â”€â”€â”€â”€â”€â”€â”€â”€â”€â”€â”€â”€â”€â”€â”€â”€â”€â”€â”€â”€â”€â”€â”€â”€â”€â”€â”€â”€â”€â”€â”€â”€â”€â”€â”€â”€â”€â”€â”€â”€â”€â”€â”€â”€â”€â”€â”€â”€â”€â”€â”€â”€â”€â”€â”€â”€â”€â”€â”€â”€â”€â”€â”€â”€â”€â”€â”€â”€â”€â”€â”€â”€â”€â”€â”€â”€â”€â”€â”€â”€â”€â”€â”€â”€â”€â”€â”€â”€â”€â”€â”€â”€â”€â”€â”€â”€â”€â”€â”€â”€â”€â”€â”€â”€â”€â”€â”€â”€â”€â”€â”€â”€â”€â”€â”€â”€â”€â”€â”€â”€â”€â”€  
   FAILED  Tests\Feature\Auth\AuthenticationIntegrationTest > rate limiting after multiple failed attempts                                            
  Expected response status code [201, 301, 302, 303, 307, 308] but received 419.
Failed asserting that false is true.

  at tests\Feature\Auth\AuthenticationIntegrationTest.php:125
    121â–•             'password' => 'wrongpassword',
    122â–•         ]);
    123â–• 
    124â–•         // Assert - Rate limited
  âžœ 125â–•         $response->assertRedirect();
    126â–•         $response->assertSessionHasErrors('username');
    127â–•         $this->assertStringContainsString('Too many login attempts', session('errors')->first('username'));
    128â–•         
    129â–•         // Assert we have exactly maxAttempts + 1 failed login logs

  â”€â”€â”€â”€â”€â”€â”€â”€â”€â”€â”€â”€â”€â”€â”€â”€â”€â”€â”€â”€â”€â”€â”€â”€â”€â”€â”€â”€â”€â”€â”€â”€â”€â”€â”€â”€â”€â”€â”€â”€â”€â”€â”€â”€â”€â”€â”€â”€â”€â”€â”€â”€â”€â”€â”€â”€â”€â”€â”€â”€â”€â”€â”€â”€â”€â”€â”€â”€â”€â”€â”€â”€â”€â”€â”€â”€â”€â”€â”€â”€â”€â”€â”€â”€â”€â”€â”€â”€â”€â”€â”€â”€â”€â”€â”€â”€â”€â”€â”€â”€â”€â”€â”€â”€â”€â”€â”€â”€â”€â”€â”€â”€â”€â”€â”€â”€â”€â”€â”€â”€â”€â”€â”€â”€â”€â”€â”€â”€â”€â”€â”€â”€â”€â”€â”€â”€â”€â”€â”€â”€â”€â”€â”€â”€â”€â”€  
   FAILED  Tests\Feature\Auth\AuthenticationIntegrationTest > role based redirection after login                                     QueryException   
  SQLSTATE[HY000]: General error: 1364 Field 'username' doesn't have a default value (Connection: mysql, SQL: insert into `users` (`name`, `email`, `email_verified_at`, `password`, `remember_token`, `role`, `updated_at`, `created_at`) values (Kristy Hansen, casimer19@example.net, 2025-03-23 00:58:14, $2y$12$yjTxxbzmdbkUf04G2Z4HruxKM7GeGQiRRSk7mw3GX/jpFVBgmIIyC, n7m95I9Rdw, admin, 2025-03-23 00:58:14, 2025-03-23 00:58:14))

  at vendor\laravel\framework\src\Illuminate\Database\Connection.php:823
    819â–•                     $this->getName(), $query, $this->prepareBindings($bindings), $e
    820â–•                 );
    821â–•             }
    822â–• 
  âžœ 823â–•             throw new QueryException(
    824â–•                 $this->getName(), $query, $this->prepareBindings($bindings), $e
    825â–•             );
    826â–•         }
    827â–•     }

  1   vendor\laravel\framework\src\Illuminate\Database\Connection.php:823

  2   vendor\laravel\framework\src\Illuminate\Database\MySqlConnection.php:53
      NunoMaduro\Collision\Exceptions\TestException::("SQLSTATE[HY000]: General error: 1364 Field 'username' doesn't have a default value")

  â”€â”€â”€â”€â”€â”€â”€â”€â”€â”€â”€â”€â”€â”€â”€â”€â”€â”€â”€â”€â”€â”€â”€â”€â”€â”€â”€â”€â”€â”€â”€â”€â”€â”€â”€â”€â”€â”€â”€â”€â”€â”€â”€â”€â”€â”€â”€â”€â”€â”€â”€â”€â”€â”€â”€â”€â”€â”€â”€â”€â”€â”€â”€â”€â”€â”€â”€â”€â”€â”€â”€â”€â”€â”€â”€â”€â”€â”€â”€â”€â”€â”€â”€â”€â”€â”€â”€â”€â”€â”€â”€â”€â”€â”€â”€â”€â”€â”€â”€â”€â”€â”€â”€â”€â”€â”€â”€â”€â”€â”€â”€â”€â”€â”€â”€â”€â”€â”€â”€â”€â”€â”€â”€â”€â”€â”€â”€â”€â”€â”€â”€â”€â”€â”€â”€â”€â”€â”€â”€â”€â”€â”€â”€â”€â”€â”€  
   FAILED  Tests\Feature\Auth\AuthenticationIntegrationTest > permissions cascade properly                                           QueryException   
  SQLSTATE[HY000]: General error: 1364 Field 'username' doesn't have a default value (Connection: mysql, SQL: insert into `users` (`name`, `email`, `email_verified_at`, `password`, `remember_token`, `role`, `updated_at`, `created_at`) values (Eula Bartell, considine.jaden@example.com, 2025-03-23 00:58:14, $2y$12$yjTxxbzmdbkUf04G2Z4HruxKM7GeGQiRRSk7mw3GX/jpFVBgmIIyC, kz1bseSw9v, superadmin, 2025-03-23 00:58:14, 2025-03-23 00:58:14))

  at vendor\laravel\framework\src\Illuminate\Database\Connection.php:823
    819â–•                     $this->getName(), $query, $this->prepareBindings($bindings), $e
    820â–•                 );
    821â–•             }
    822â–• 
  âžœ 823â–•             throw new QueryException(
    824â–•                 $this->getName(), $query, $this->prepareBindings($bindings), $e
    825â–•             );
    826â–•         }
    827â–•     }

  1   vendor\laravel\framework\src\Illuminate\Database\Connection.php:823

  2   vendor\laravel\framework\src\Illuminate\Database\MySqlConnection.php:53
      NunoMaduro\Collision\Exceptions\TestException::("SQLSTATE[HY000]: General error: 1364 Field 'username' doesn't have a default value")

  â”€â”€â”€â”€â”€â”€â”€â”€â”€â”€â”€â”€â”€â”€â”€â”€â”€â”€â”€â”€â”€â”€â”€â”€â”€â”€â”€â”€â”€â”€â”€â”€â”€â”€â”€â”€â”€â”€â”€â”€â”€â”€â”€â”€â”€â”€â”€â”€â”€â”€â”€â”€â”€â”€â”€â”€â”€â”€â”€â”€â”€â”€â”€â”€â”€â”€â”€â”€â”€â”€â”€â”€â”€â”€â”€â”€â”€â”€â”€â”€â”€â”€â”€â”€â”€â”€â”€â”€â”€â”€â”€â”€â”€â”€â”€â”€â”€â”€â”€â”€â”€â”€â”€â”€â”€â”€â”€â”€â”€â”€â”€â”€â”€â”€â”€â”€â”€â”€â”€â”€â”€â”€â”€â”€â”€â”€â”€â”€â”€â”€â”€â”€â”€â”€â”€â”€â”€â”€â”€â”€â”€â”€â”€â”€â”€â”€  
   FAILED  Tests\Feature\Auth\LoginSecurityTest > login error messages are ambiguous for security                                                     
  Session is missing expected key [errors].
Failed asserting that false is true.

  at tests\Feature\Auth\LoginSecurityTest.php:48
     44â–•             'password' => 'password',
     45â–•         ]);
     46â–• 
     47â–•         // Assert - Both errors should have the same message (ambiguous)
  âžœ  48â–•         $response1->assertSessionHasErrors('username');
     49â–•         $response2->assertSessionHasErrors('username');
     50â–•         
     51â–•         // Check the session for error messages
     52â–•         $this->followRedirects($response1)->assertSee(trans('auth.failed'));

  â”€â”€â”€â”€â”€â”€â”€â”€â”€â”€â”€â”€â”€â”€â”€â”€â”€â”€â”€â”€â”€â”€â”€â”€â”€â”€â”€â”€â”€â”€â”€â”€â”€â”€â”€â”€â”€â”€â”€â”€â”€â”€â”€â”€â”€â”€â”€â”€â”€â”€â”€â”€â”€â”€â”€â”€â”€â”€â”€â”€â”€â”€â”€â”€â”€â”€â”€â”€â”€â”€â”€â”€â”€â”€â”€â”€â”€â”€â”€â”€â”€â”€â”€â”€â”€â”€â”€â”€â”€â”€â”€â”€â”€â”€â”€â”€â”€â”€â”€â”€â”€â”€â”€â”€â”€â”€â”€â”€â”€â”€â”€â”€â”€â”€â”€â”€â”€â”€â”€â”€â”€â”€â”€â”€â”€â”€â”€â”€â”€â”€â”€â”€â”€â”€â”€â”€â”€â”€â”€â”€â”€â”€â”€â”€â”€â”€  
   FAILED  Tests\Feature\Auth\LoginSecurityTest > rate limiting uses ip address only for security                                                     
  Session is missing expected key [errors].
Failed asserting that false is true.

  at tests\Feature\Auth\LoginSecurityTest.php:85
     81â–•             'password' => 'wrongpassword',
     82â–•         ]);
     83â–• 
     84â–•         // Assert - Should be rate limited regardless of using different usernames
  âžœ  85â–•         $response->assertSessionHasErrors('username');
     86â–•         $this->assertStringContainsString(
     87â–•             'Too many login attempts',
     88â–•             session('errors')->first('username')
     89â–•         );

  â”€â”€â”€â”€â”€â”€â”€â”€â”€â”€â”€â”€â”€â”€â”€â”€â”€â”€â”€â”€â”€â”€â”€â”€â”€â”€â”€â”€â”€â”€â”€â”€â”€â”€â”€â”€â”€â”€â”€â”€â”€â”€â”€â”€â”€â”€â”€â”€â”€â”€â”€â”€â”€â”€â”€â”€â”€â”€â”€â”€â”€â”€â”€â”€â”€â”€â”€â”€â”€â”€â”€â”€â”€â”€â”€â”€â”€â”€â”€â”€â”€â”€â”€â”€â”€â”€â”€â”€â”€â”€â”€â”€â”€â”€â”€â”€â”€â”€â”€â”€â”€â”€â”€â”€â”€â”€â”€â”€â”€â”€â”€â”€â”€â”€â”€â”€â”€â”€â”€â”€â”€â”€â”€â”€â”€â”€â”€â”€â”€â”€â”€â”€â”€â”€â”€â”€â”€â”€â”€â”€â”€â”€â”€â”€â”€â”€  
   FAILED  Tests\Feature\Auth\LoginSecurityTest > csrf protection for login form                                                                      
  The user is authenticated
Failed asserting that true is false.

  at tests\Feature\Auth\LoginSecurityTest.php:117
    113â–•             '_token' => csrf_token(),
    114â–•         ]);
    115â–• 
    116â–•         // Assert - Without CSRF, should fail
  âžœ 117â–•         $this->assertGuest();
    118â–•         
    119â–•         // With CSRF, should succeed
    120â–•         $responseCsrf->assertRedirect('/admin/dashboard');
    121â–•     }

  â”€â”€â”€â”€â”€â”€â”€â”€â”€â”€â”€â”€â”€â”€â”€â”€â”€â”€â”€â”€â”€â”€â”€â”€â”€â”€â”€â”€â”€â”€â”€â”€â”€â”€â”€â”€â”€â”€â”€â”€â”€â”€â”€â”€â”€â”€â”€â”€â”€â”€â”€â”€â”€â”€â”€â”€â”€â”€â”€â”€â”€â”€â”€â”€â”€â”€â”€â”€â”€â”€â”€â”€â”€â”€â”€â”€â”€â”€â”€â”€â”€â”€â”€â”€â”€â”€â”€â”€â”€â”€â”€â”€â”€â”€â”€â”€â”€â”€â”€â”€â”€â”€â”€â”€â”€â”€â”€â”€â”€â”€â”€â”€â”€â”€â”€â”€â”€â”€â”€â”€â”€â”€â”€â”€â”€â”€â”€â”€â”€â”€â”€â”€â”€â”€â”€â”€â”€â”€â”€â”€â”€â”€â”€â”€â”€â”€  
   FAILED  Tests\Feature\Auth\LoginSecurityTest > session regeneration on login for security                                         QueryException   
  SQLSTATE[HY000]: General error: 1364 Field 'username' doesn't have a default value (Connection: mysql, SQL: insert into `users` (`name`, `email`, `email_verified_at`, `password`, `remember_token`, `updated_at`, `created_at`) values (Dr. Ayla Kovacek Jr., hkshlerin@example.org, 2025-03-23 00:58:15, $2y$12$yjTxxbzmdbkUf04G2Z4HruxKM7GeGQiRRSk7mw3GX/jpFVBgmIIyC, SmhN97EvT2, 2025-03-23 00:58:15, 2025-03-23 00:58:15))

  at vendor\laravel\framework\src\Illuminate\Database\Connection.php:823
    819â–•                     $this->getName(), $query, $this->prepareBindings($bindings), $e
    820â–•                 );
    821â–•             }
    822â–• 
  âžœ 823â–•             throw new QueryException(
    824â–•                 $this->getName(), $query, $this->prepareBindings($bindings), $e
    825â–•             );
    826â–•         }
    827â–•     }

  1   vendor\laravel\framework\src\Illuminate\Database\Connection.php:823

  2   vendor\laravel\framework\src\Illuminate\Database\MySqlConnection.php:53
      NunoMaduro\Collision\Exceptions\TestException::("SQLSTATE[HY000]: General error: 1364 Field 'username' doesn't have a default value")

  â”€â”€â”€â”€â”€â”€â”€â”€â”€â”€â”€â”€â”€â”€â”€â”€â”€â”€â”€â”€â”€â”€â”€â”€â”€â”€â”€â”€â”€â”€â”€â”€â”€â”€â”€â”€â”€â”€â”€â”€â”€â”€â”€â”€â”€â”€â”€â”€â”€â”€â”€â”€â”€â”€â”€â”€â”€â”€â”€â”€â”€â”€â”€â”€â”€â”€â”€â”€â”€â”€â”€â”€â”€â”€â”€â”€â”€â”€â”€â”€â”€â”€â”€â”€â”€â”€â”€â”€â”€â”€â”€â”€â”€â”€â”€â”€â”€â”€â”€â”€â”€â”€â”€â”€â”€â”€â”€â”€â”€â”€â”€â”€â”€â”€â”€â”€â”€â”€â”€â”€â”€â”€â”€â”€â”€â”€â”€â”€â”€â”€â”€â”€â”€â”€â”€â”€â”€â”€â”€â”€â”€â”€â”€â”€â”€â”€  
   FAILED  Tests\Feature\Auth\LoginTest > user can login with username                                                                                
  Expected response status code [201, 301, 302, 303, 307, 308] but received 419.
Failed asserting that false is true.

  at tests\Feature\Auth\LoginTest.php:46
     42â–•             'password' => 'password',
     43â–•         ]);
     44â–• 
     45â–•         // Assert
  âžœ  46â–•         $response->assertRedirect('/admin/dashboard');
     47â–•         $this->assertAuthenticatedAs($user);
     48â–•     }
     49â–• 
     50â–•     /**

  â”€â”€â”€â”€â”€â”€â”€â”€â”€â”€â”€â”€â”€â”€â”€â”€â”€â”€â”€â”€â”€â”€â”€â”€â”€â”€â”€â”€â”€â”€â”€â”€â”€â”€â”€â”€â”€â”€â”€â”€â”€â”€â”€â”€â”€â”€â”€â”€â”€â”€â”€â”€â”€â”€â”€â”€â”€â”€â”€â”€â”€â”€â”€â”€â”€â”€â”€â”€â”€â”€â”€â”€â”€â”€â”€â”€â”€â”€â”€â”€â”€â”€â”€â”€â”€â”€â”€â”€â”€â”€â”€â”€â”€â”€â”€â”€â”€â”€â”€â”€â”€â”€â”€â”€â”€â”€â”€â”€â”€â”€â”€â”€â”€â”€â”€â”€â”€â”€â”€â”€â”€â”€â”€â”€â”€â”€â”€â”€â”€â”€â”€â”€â”€â”€â”€â”€â”€â”€â”€â”€â”€â”€â”€â”€â”€â”€  
   FAILED  Tests\Feature\Auth\LoginTest > user can login with email                                                                  QueryException   
  SQLSTATE[HY000]: General error: 1364 Field 'username' doesn't have a default value (Connection: mysql, SQL: insert into `users` (`name`, `email`, `email_verified_at`, `password`, `remember_token`, `role`, `updated_at`, `created_at`) values (Freida Kris V, test@example.com, 2025-03-23 00:58:15, $2y$12$yjTxxbzmdbkUf04G2Z4HruxKM7GeGQiRRSk7mw3GX/jpFVBgmIIyC, UqwTIntOGb, admin, 2025-03-23 00:58:15, 2025-03-23 00:58:15))

  at vendor\laravel\framework\src\Illuminate\Database\Connection.php:823
    819â–•                     $this->getName(), $query, $this->prepareBindings($bindings), $e
    820â–•                 );
    821â–•             }
    822â–• 
  âžœ 823â–•             throw new QueryException(
    824â–•                 $this->getName(), $query, $this->prepareBindings($bindings), $e
    825â–•             );
    826â–•         }
    827â–•     }

  1   vendor\laravel\framework\src\Illuminate\Database\Connection.php:823

  2   vendor\laravel\framework\src\Illuminate\Database\MySqlConnection.php:53
      NunoMaduro\Collision\Exceptions\TestException::("SQLSTATE[HY000]: General error: 1364 Field 'username' doesn't have a default value")

  â”€â”€â”€â”€â”€â”€â”€â”€â”€â”€â”€â”€â”€â”€â”€â”€â”€â”€â”€â”€â”€â”€â”€â”€â”€â”€â”€â”€â”€â”€â”€â”€â”€â”€â”€â”€â”€â”€â”€â”€â”€â”€â”€â”€â”€â”€â”€â”€â”€â”€â”€â”€â”€â”€â”€â”€â”€â”€â”€â”€â”€â”€â”€â”€â”€â”€â”€â”€â”€â”€â”€â”€â”€â”€â”€â”€â”€â”€â”€â”€â”€â”€â”€â”€â”€â”€â”€â”€â”€â”€â”€â”€â”€â”€â”€â”€â”€â”€â”€â”€â”€â”€â”€â”€â”€â”€â”€â”€â”€â”€â”€â”€â”€â”€â”€â”€â”€â”€â”€â”€â”€â”€â”€â”€â”€â”€â”€â”€â”€â”€â”€â”€â”€â”€â”€â”€â”€â”€â”€â”€â”€â”€â”€â”€â”€â”€  
   FAILED  Tests\Feature\Auth\LoginTest > superadmin login redirects to superadmin dashboard                                                          
  Expected response status code [201, 301, 302, 303, 307, 308] but received 419.
Failed asserting that false is true.

  at tests\Feature\Auth\LoginTest.php:90
     86â–•             'password' => 'password',
     87â–•         ]);
     88â–• 
     89â–•         // Assert
  âžœ  90â–•         $response->assertRedirect('/superadmin/dashboard');
     91â–•         $this->assertAuthenticatedAs($user);
     92â–•     }
     93â–• 
     94â–•     /**

  â”€â”€â”€â”€â”€â”€â”€â”€â”€â”€â”€â”€â”€â”€â”€â”€â”€â”€â”€â”€â”€â”€â”€â”€â”€â”€â”€â”€â”€â”€â”€â”€â”€â”€â”€â”€â”€â”€â”€â”€â”€â”€â”€â”€â”€â”€â”€â”€â”€â”€â”€â”€â”€â”€â”€â”€â”€â”€â”€â”€â”€â”€â”€â”€â”€â”€â”€â”€â”€â”€â”€â”€â”€â”€â”€â”€â”€â”€â”€â”€â”€â”€â”€â”€â”€â”€â”€â”€â”€â”€â”€â”€â”€â”€â”€â”€â”€â”€â”€â”€â”€â”€â”€â”€â”€â”€â”€â”€â”€â”€â”€â”€â”€â”€â”€â”€â”€â”€â”€â”€â”€â”€â”€â”€â”€â”€â”€â”€â”€â”€â”€â”€â”€â”€â”€â”€â”€â”€â”€â”€â”€â”€â”€â”€â”€â”€  
   FAILED  Tests\Feature\Auth\LoginTest > login with invalid credentials fails                                                                        
  Expected response status code [201, 301, 302, 303, 307, 308] but received 419.
Failed asserting that false is true.

  at tests\Feature\Auth\LoginTest.php:112
    108â–•             'password' => 'wrongpassword',
    109â–•         ]);
    110â–• 
    111â–•         // Assert
  âžœ 112â–•         $response->assertRedirect();
    113â–•         $response->assertSessionHasErrors('username');
    114â–•         $this->assertGuest();
    115â–•     }
    116â–•

  â”€â”€â”€â”€â”€â”€â”€â”€â”€â”€â”€â”€â”€â”€â”€â”€â”€â”€â”€â”€â”€â”€â”€â”€â”€â”€â”€â”€â”€â”€â”€â”€â”€â”€â”€â”€â”€â”€â”€â”€â”€â”€â”€â”€â”€â”€â”€â”€â”€â”€â”€â”€â”€â”€â”€â”€â”€â”€â”€â”€â”€â”€â”€â”€â”€â”€â”€â”€â”€â”€â”€â”€â”€â”€â”€â”€â”€â”€â”€â”€â”€â”€â”€â”€â”€â”€â”€â”€â”€â”€â”€â”€â”€â”€â”€â”€â”€â”€â”€â”€â”€â”€â”€â”€â”€â”€â”€â”€â”€â”€â”€â”€â”€â”€â”€â”€â”€â”€â”€â”€â”€â”€â”€â”€â”€â”€â”€â”€â”€â”€â”€â”€â”€â”€â”€â”€â”€â”€â”€â”€â”€â”€â”€â”€â”€â”€  
   FAILED  Tests\Feature\Auth\LoginTest > login with non existent user fails                                                                          
  Expected response status code [201, 301, 302, 303, 307, 308] but received 419.
Failed asserting that false is true.

  at tests\Feature\Auth\LoginTest.php:131
    127â–•             'password' => 'password',
    128â–•         ]);
    129â–• 
    130â–•         // Assert
  âžœ 131â–•         $response->assertRedirect();
    132â–•         $response->assertSessionHasErrors('username');
    133â–•         $this->assertGuest();
    134â–•     }
    135â–•

  â”€â”€â”€â”€â”€â”€â”€â”€â”€â”€â”€â”€â”€â”€â”€â”€â”€â”€â”€â”€â”€â”€â”€â”€â”€â”€â”€â”€â”€â”€â”€â”€â”€â”€â”€â”€â”€â”€â”€â”€â”€â”€â”€â”€â”€â”€â”€â”€â”€â”€â”€â”€â”€â”€â”€â”€â”€â”€â”€â”€â”€â”€â”€â”€â”€â”€â”€â”€â”€â”€â”€â”€â”€â”€â”€â”€â”€â”€â”€â”€â”€â”€â”€â”€â”€â”€â”€â”€â”€â”€â”€â”€â”€â”€â”€â”€â”€â”€â”€â”€â”€â”€â”€â”€â”€â”€â”€â”€â”€â”€â”€â”€â”€â”€â”€â”€â”€â”€â”€â”€â”€â”€â”€â”€â”€â”€â”€â”€â”€â”€â”€â”€â”€â”€â”€â”€â”€â”€â”€â”€â”€â”€â”€â”€â”€â”€  
   FAILED  Tests\Feature\Auth\LoginTest > username is required                                                                                        
  Expected response status code [201, 301, 302, 303, 307, 308] but received 419.
Failed asserting that false is true.

  at tests\Feature\Auth\LoginTest.php:150
    146â–•             'password' => 'password',
    147â–•         ]);
    148â–• 
    149â–•         // Assert
  âžœ 150â–•         $response->assertRedirect();
    151â–•         $response->assertSessionHasErrors('username');
    152â–•         $this->assertGuest();
    153â–•     }
    154â–•

  â”€â”€â”€â”€â”€â”€â”€â”€â”€â”€â”€â”€â”€â”€â”€â”€â”€â”€â”€â”€â”€â”€â”€â”€â”€â”€â”€â”€â”€â”€â”€â”€â”€â”€â”€â”€â”€â”€â”€â”€â”€â”€â”€â”€â”€â”€â”€â”€â”€â”€â”€â”€â”€â”€â”€â”€â”€â”€â”€â”€â”€â”€â”€â”€â”€â”€â”€â”€â”€â”€â”€â”€â”€â”€â”€â”€â”€â”€â”€â”€â”€â”€â”€â”€â”€â”€â”€â”€â”€â”€â”€â”€â”€â”€â”€â”€â”€â”€â”€â”€â”€â”€â”€â”€â”€â”€â”€â”€â”€â”€â”€â”€â”€â”€â”€â”€â”€â”€â”€â”€â”€â”€â”€â”€â”€â”€â”€â”€â”€â”€â”€â”€â”€â”€â”€â”€â”€â”€â”€â”€â”€â”€â”€â”€â”€â”€  
   FAILED  Tests\Feature\Auth\LoginTest > password is required                                                                                        
  Expected response status code [201, 301, 302, 303, 307, 308] but received 419.
Failed asserting that false is true.

  at tests\Feature\Auth\LoginTest.php:169
    165â–•             'password' => '',
    166â–•         ]);
    167â–• 
    168â–•         // Assert
  âžœ 169â–•         $response->assertRedirect();
    170â–•         $response->assertSessionHasErrors('password');
    171â–•         $this->assertGuest();
    172â–•     }
    173â–•

  â”€â”€â”€â”€â”€â”€â”€â”€â”€â”€â”€â”€â”€â”€â”€â”€â”€â”€â”€â”€â”€â”€â”€â”€â”€â”€â”€â”€â”€â”€â”€â”€â”€â”€â”€â”€â”€â”€â”€â”€â”€â”€â”€â”€â”€â”€â”€â”€â”€â”€â”€â”€â”€â”€â”€â”€â”€â”€â”€â”€â”€â”€â”€â”€â”€â”€â”€â”€â”€â”€â”€â”€â”€â”€â”€â”€â”€â”€â”€â”€â”€â”€â”€â”€â”€â”€â”€â”€â”€â”€â”€â”€â”€â”€â”€â”€â”€â”€â”€â”€â”€â”€â”€â”€â”€â”€â”€â”€â”€â”€â”€â”€â”€â”€â”€â”€â”€â”€â”€â”€â”€â”€â”€â”€â”€â”€â”€â”€â”€â”€â”€â”€â”€â”€â”€â”€â”€â”€â”€â”€â”€â”€â”€â”€â”€â”€  
   FAILED  Tests\Feature\Auth\LoginTest > remember me functionality                                                                  QueryException   
  SQLSTATE[HY000]: General error: 1364 Field 'username' doesn't have a default value (Connection: mysql, SQL: insert into `users` (`name`, `email`, `email_verified_at`, `password`, `remember_token`, `updated_at`, `created_at`) values (Ms. Chloe Langosh V, haleigh.mann@example.net, 2025-03-23 00:58:15, $2y$12$yjTxxbzmdbkUf04G2Z4HruxKM7GeGQiRRSk7mw3GX/jpFVBgmIIyC, EGPi7TU0Qr, 2025-03-23 00:58:15, 2025-03-23 00:58:15))

  at vendor\laravel\framework\src\Illuminate\Database\Connection.php:823
    819â–•                     $this->getName(), $query, $this->prepareBindings($bindings), $e
    820â–•                 );
    821â–•             }
    822â–• 
  âžœ 823â–•             throw new QueryException(
    824â–•                 $this->getName(), $query, $this->prepareBindings($bindings), $e
    825â–•             );
    826â–•         }
    827â–•     }

  1   vendor\laravel\framework\src\Illuminate\Database\Connection.php:823

  2   vendor\laravel\framework\src\Illuminate\Database\MySqlConnection.php:53
      NunoMaduro\Collision\Exceptions\TestException::("SQLSTATE[HY000]: General error: 1364 Field 'username' doesn't have a default value")

  â”€â”€â”€â”€â”€â”€â”€â”€â”€â”€â”€â”€â”€â”€â”€â”€â”€â”€â”€â”€â”€â”€â”€â”€â”€â”€â”€â”€â”€â”€â”€â”€â”€â”€â”€â”€â”€â”€â”€â”€â”€â”€â”€â”€â”€â”€â”€â”€â”€â”€â”€â”€â”€â”€â”€â”€â”€â”€â”€â”€â”€â”€â”€â”€â”€â”€â”€â”€â”€â”€â”€â”€â”€â”€â”€â”€â”€â”€â”€â”€â”€â”€â”€â”€â”€â”€â”€â”€â”€â”€â”€â”€â”€â”€â”€â”€â”€â”€â”€â”€â”€â”€â”€â”€â”€â”€â”€â”€â”€â”€â”€â”€â”€â”€â”€â”€â”€â”€â”€â”€â”€â”€â”€â”€â”€â”€â”€â”€â”€â”€â”€â”€â”€â”€â”€â”€â”€â”€â”€â”€â”€â”€â”€â”€â”€â”€  
   FAILED  Tests\Feature\Auth\LogoutTest > user can logout                                                                           QueryException   
  SQLSTATE[HY000]: General error: 1364 Field 'username' doesn't have a default value (Connection: mysql, SQL: insert into `users` (`name`, `email`, `email_verified_at`, `password`, `remember_token`, `updated_at`, `created_at`) values (Christina Rippin, macy57@example.org, 2025-03-23 00:58:15, $2y$12$yjTxxbzmdbkUf04G2Z4HruxKM7GeGQiRRSk7mw3GX/jpFVBgmIIyC, ehME8stNCv, 2025-03-23 00:58:15, 2025-03-23 00:58:15))

  at vendor\laravel\framework\src\Illuminate\Database\Connection.php:823
    819â–•                     $this->getName(), $query, $this->prepareBindings($bindings), $e
    820â–•                 );
    821â–•             }
    822â–• 
  âžœ 823â–•             throw new QueryException(
    824â–•                 $this->getName(), $query, $this->prepareBindings($bindings), $e
    825â–•             );
    826â–•         }
    827â–•     }

  1   vendor\laravel\framework\src\Illuminate\Database\Connection.php:823

  2   vendor\laravel\framework\src\Illuminate\Database\MySqlConnection.php:53
      NunoMaduro\Collision\Exceptions\TestException::("SQLSTATE[HY000]: General error: 1364 Field 'username' doesn't have a default value")

  â”€â”€â”€â”€â”€â”€â”€â”€â”€â”€â”€â”€â”€â”€â”€â”€â”€â”€â”€â”€â”€â”€â”€â”€â”€â”€â”€â”€â”€â”€â”€â”€â”€â”€â”€â”€â”€â”€â”€â”€â”€â”€â”€â”€â”€â”€â”€â”€â”€â”€â”€â”€â”€â”€â”€â”€â”€â”€â”€â”€â”€â”€â”€â”€â”€â”€â”€â”€â”€â”€â”€â”€â”€â”€â”€â”€â”€â”€â”€â”€â”€â”€â”€â”€â”€â”€â”€â”€â”€â”€â”€â”€â”€â”€â”€â”€â”€â”€â”€â”€â”€â”€â”€â”€â”€â”€â”€â”€â”€â”€â”€â”€â”€â”€â”€â”€â”€â”€â”€â”€â”€â”€â”€â”€â”€â”€â”€â”€â”€â”€â”€â”€â”€â”€â”€â”€â”€â”€â”€â”€â”€â”€â”€â”€â”€â”€  
   FAILED  Tests\Feature\Auth\LogoutTest > unauthenticated users cannot logout                                                                        
  Expected response status code [201, 301, 302, 303, 307, 308] but received 419.
Failed asserting that false is true.

  at tests\Feature\Auth\LogoutTest.php:43
     39â–•         // Act
     40â–•         $response = $this->post('/logout');
     41â–• 
     42â–•         // Assert
  âžœ  43â–•         $response->assertRedirect('/login');
     44â–•         $this->assertGuest();
     45â–•     }
     46â–• 
     47â–•     /**

  â”€â”€â”€â”€â”€â”€â”€â”€â”€â”€â”€â”€â”€â”€â”€â”€â”€â”€â”€â”€â”€â”€â”€â”€â”€â”€â”€â”€â”€â”€â”€â”€â”€â”€â”€â”€â”€â”€â”€â”€â”€â”€â”€â”€â”€â”€â”€â”€â”€â”€â”€â”€â”€â”€â”€â”€â”€â”€â”€â”€â”€â”€â”€â”€â”€â”€â”€â”€â”€â”€â”€â”€â”€â”€â”€â”€â”€â”€â”€â”€â”€â”€â”€â”€â”€â”€â”€â”€â”€â”€â”€â”€â”€â”€â”€â”€â”€â”€â”€â”€â”€â”€â”€â”€â”€â”€â”€â”€â”€â”€â”€â”€â”€â”€â”€â”€â”€â”€â”€â”€â”€â”€â”€â”€â”€â”€â”€â”€â”€â”€â”€â”€â”€â”€â”€â”€â”€â”€â”€â”€â”€â”€â”€â”€â”€â”€  
   FAILED  Tests\Feature\Auth\LogoutTest > session is regenerated on logout                                                          QueryException   
  SQLSTATE[HY000]: General error: 1364 Field 'username' doesn't have a default value (Connection: mysql, SQL: insert into `users` (`name`, `email`, `email_verified_at`, `password`, `remember_token`, `updated_at`, `created_at`) values (Marilyne Ondricka, nettie44@example.org, 2025-03-23 00:58:15, $2y$12$yjTxxbzmdbkUf04G2Z4HruxKM7GeGQiRRSk7mw3GX/jpFVBgmIIyC, yNxNn5oKEr, 2025-03-23 00:58:15, 2025-03-23 00:58:15))

  at vendor\laravel\framework\src\Illuminate\Database\Connection.php:823
    819â–•                     $this->getName(), $query, $this->prepareBindings($bindings), $e
    820â–•                 );
    821â–•             }
    822â–• 
  âžœ 823â–•             throw new QueryException(
    824â–•                 $this->getName(), $query, $this->prepareBindings($bindings), $e
    825â–•             );
    826â–•         }
    827â–•     }

  1   vendor\laravel\framework\src\Illuminate\Database\Connection.php:823

  2   vendor\laravel\framework\src\Illuminate\Database\MySqlConnection.php:53
      NunoMaduro\Collision\Exceptions\TestException::("SQLSTATE[HY000]: General error: 1364 Field 'username' doesn't have a default value")

  â”€â”€â”€â”€â”€â”€â”€â”€â”€â”€â”€â”€â”€â”€â”€â”€â”€â”€â”€â”€â”€â”€â”€â”€â”€â”€â”€â”€â”€â”€â”€â”€â”€â”€â”€â”€â”€â”€â”€â”€â”€â”€â”€â”€â”€â”€â”€â”€â”€â”€â”€â”€â”€â”€â”€â”€â”€â”€â”€â”€â”€â”€â”€â”€â”€â”€â”€â”€â”€â”€â”€â”€â”€â”€â”€â”€â”€â”€â”€â”€â”€â”€â”€â”€â”€â”€â”€â”€â”€â”€â”€â”€â”€â”€â”€â”€â”€â”€â”€â”€â”€â”€â”€â”€â”€â”€â”€â”€â”€â”€â”€â”€â”€â”€â”€â”€â”€â”€â”€â”€â”€â”€â”€â”€â”€â”€â”€â”€â”€â”€â”€â”€â”€â”€â”€â”€â”€â”€â”€â”€â”€â”€â”€â”€â”€â”€  
   FAILED  Tests\Feature\Auth\RoleAuthorizationTest > superadmin can access superadmin dashboard                                     QueryException   
  SQLSTATE[HY000]: General error: 1364 Field 'username' doesn't have a default value (Connection: mysql, SQL: insert into `users` (`name`, `email`, `email_verified_at`, `password`, `remember_token`, `role`, `updated_at`, `created_at`) values (Nayeli Ledner, adolfo.bergnaum@example.net, 2025-03-23 00:58:15, $2y$12$yjTxxbzmdbkUf04G2Z4HruxKM7GeGQiRRSk7mw3GX/jpFVBgmIIyC, LUy0eBPjTW, superadmin, 2025-03-23 00:58:15, 2025-03-23 00:58:15))

  at vendor\laravel\framework\src\Illuminate\Database\Connection.php:823
    819â–•                     $this->getName(), $query, $this->prepareBindings($bindings), $e
    820â–•                 );
    821â–•             }
    822â–• 
  âžœ 823â–•             throw new QueryException(
    824â–•                 $this->getName(), $query, $this->prepareBindings($bindings), $e
    825â–•             );
    826â–•         }
    827â–•     }

  1   vendor\laravel\framework\src\Illuminate\Database\Connection.php:823

  2   vendor\laravel\framework\src\Illuminate\Database\MySqlConnection.php:53
      NunoMaduro\Collision\Exceptions\TestException::("SQLSTATE[HY000]: General error: 1364 Field 'username' doesn't have a default value")

  â”€â”€â”€â”€â”€â”€â”€â”€â”€â”€â”€â”€â”€â”€â”€â”€â”€â”€â”€â”€â”€â”€â”€â”€â”€â”€â”€â”€â”€â”€â”€â”€â”€â”€â”€â”€â”€â”€â”€â”€â”€â”€â”€â”€â”€â”€â”€â”€â”€â”€â”€â”€â”€â”€â”€â”€â”€â”€â”€â”€â”€â”€â”€â”€â”€â”€â”€â”€â”€â”€â”€â”€â”€â”€â”€â”€â”€â”€â”€â”€â”€â”€â”€â”€â”€â”€â”€â”€â”€â”€â”€â”€â”€â”€â”€â”€â”€â”€â”€â”€â”€â”€â”€â”€â”€â”€â”€â”€â”€â”€â”€â”€â”€â”€â”€â”€â”€â”€â”€â”€â”€â”€â”€â”€â”€â”€â”€â”€â”€â”€â”€â”€â”€â”€â”€â”€â”€â”€â”€â”€â”€â”€â”€â”€â”€â”€  
   FAILED  Tests\Feature\Auth\RoleAuthorizationTest > admin cannot access superadmin dashboard                                       QueryException   
  SQLSTATE[HY000]: General error: 1364 Field 'username' doesn't have a default value (Connection: mysql, SQL: insert into `users` (`name`, `email`, `email_verified_at`, `password`, `remember_token`, `role`, `updated_at`, `created_at`) values (Triston Konopelski, delphia42@example.net, 2025-03-23 00:58:15, $2y$12$yjTxxbzmdbkUf04G2Z4HruxKM7GeGQiRRSk7mw3GX/jpFVBgmIIyC, FIj8We5VuZ, admin, 2025-03-23 00:58:15, 2025-03-23 00:58:15))

  at vendor\laravel\framework\src\Illuminate\Database\Connection.php:823
    819â–•                     $this->getName(), $query, $this->prepareBindings($bindings), $e
    820â–•                 );
    821â–•             }
    822â–• 
  âžœ 823â–•             throw new QueryException(
    824â–•                 $this->getName(), $query, $this->prepareBindings($bindings), $e
    825â–•             );
    826â–•         }
    827â–•     }

  1   vendor\laravel\framework\src\Illuminate\Database\Connection.php:823

  2   vendor\laravel\framework\src\Illuminate\Database\MySqlConnection.php:53
      NunoMaduro\Collision\Exceptions\TestException::("SQLSTATE[HY000]: General error: 1364 Field 'username' doesn't have a default value")

  â”€â”€â”€â”€â”€â”€â”€â”€â”€â”€â”€â”€â”€â”€â”€â”€â”€â”€â”€â”€â”€â”€â”€â”€â”€â”€â”€â”€â”€â”€â”€â”€â”€â”€â”€â”€â”€â”€â”€â”€â”€â”€â”€â”€â”€â”€â”€â”€â”€â”€â”€â”€â”€â”€â”€â”€â”€â”€â”€â”€â”€â”€â”€â”€â”€â”€â”€â”€â”€â”€â”€â”€â”€â”€â”€â”€â”€â”€â”€â”€â”€â”€â”€â”€â”€â”€â”€â”€â”€â”€â”€â”€â”€â”€â”€â”€â”€â”€â”€â”€â”€â”€â”€â”€â”€â”€â”€â”€â”€â”€â”€â”€â”€â”€â”€â”€â”€â”€â”€â”€â”€â”€â”€â”€â”€â”€â”€â”€â”€â”€â”€â”€â”€â”€â”€â”€â”€â”€â”€â”€â”€â”€â”€â”€â”€â”€  
   FAILED  Tests\Feature\Auth\RoleAuthorizationTest > admin can access admin dashboard                                               QueryException   
  SQLSTATE[HY000]: General error: 1364 Field 'username' doesn't have a default value (Connection: mysql, SQL: insert into `users` (`name`, `email`, `email_verified_at`, `password`, `remember_token`, `role`, `updated_at`, `created_at`) values (Effie Hayes, fay.dane@example.com, 2025-03-23 00:58:15, $2y$12$yjTxxbzmdbkUf04G2Z4HruxKM7GeGQiRRSk7mw3GX/jpFVBgmIIyC, 57EjUxuqrT, admin, 2025-03-23 00:58:15, 2025-03-23 00:58:15))

  at vendor\laravel\framework\src\Illuminate\Database\Connection.php:823
    819â–•                     $this->getName(), $query, $this->prepareBindings($bindings), $e
    820â–•                 );
    821â–•             }
    822â–• 
  âžœ 823â–•             throw new QueryException(
    824â–•                 $this->getName(), $query, $this->prepareBindings($bindings), $e
    825â–•             );
    826â–•         }
    827â–•     }

  1   vendor\laravel\framework\src\Illuminate\Database\Connection.php:823

  2   vendor\laravel\framework\src\Illuminate\Database\MySqlConnection.php:53
      NunoMaduro\Collision\Exceptions\TestException::("SQLSTATE[HY000]: General error: 1364 Field 'username' doesn't have a default value")

  â”€â”€â”€â”€â”€â”€â”€â”€â”€â”€â”€â”€â”€â”€â”€â”€â”€â”€â”€â”€â”€â”€â”€â”€â”€â”€â”€â”€â”€â”€â”€â”€â”€â”€â”€â”€â”€â”€â”€â”€â”€â”€â”€â”€â”€â”€â”€â”€â”€â”€â”€â”€â”€â”€â”€â”€â”€â”€â”€â”€â”€â”€â”€â”€â”€â”€â”€â”€â”€â”€â”€â”€â”€â”€â”€â”€â”€â”€â”€â”€â”€â”€â”€â”€â”€â”€â”€â”€â”€â”€â”€â”€â”€â”€â”€â”€â”€â”€â”€â”€â”€â”€â”€â”€â”€â”€â”€â”€â”€â”€â”€â”€â”€â”€â”€â”€â”€â”€â”€â”€â”€â”€â”€â”€â”€â”€â”€â”€â”€â”€â”€â”€â”€â”€â”€â”€â”€â”€â”€â”€â”€â”€â”€â”€â”€â”€  
   FAILED  Tests\Feature\Auth\RoleAuthorizationTest > superadmin can access admin dashboard                                          QueryException   
  SQLSTATE[HY000]: General error: 1364 Field 'username' doesn't have a default value (Connection: mysql, SQL: insert into `users` (`name`, `email`, `email_verified_at`, `password`, `remember_token`, `role`, `updated_at`, `created_at`) values (Carlee Kiehn Sr., heathcote.chanel@example.org, 2025-03-23 00:58:15, $2y$12$yjTxxbzmdbkUf04G2Z4HruxKM7GeGQiRRSk7mw3GX/jpFVBgmIIyC, qMCWtFuZYY, superadmin, 2025-03-23 00:58:15, 2025-03-23 00:58:15))

  at vendor\laravel\framework\src\Illuminate\Database\Connection.php:823
    819â–•                     $this->getName(), $query, $this->prepareBindings($bindings), $e
    820â–•                 );
    821â–•             }
    822â–• 
  âžœ 823â–•             throw new QueryException(
    824â–•                 $this->getName(), $query, $this->prepareBindings($bindings), $e
    825â–•             );
    826â–•         }
    827â–•     }

  1   vendor\laravel\framework\src\Illuminate\Database\Connection.php:823

  2   vendor\laravel\framework\src\Illuminate\Database\MySqlConnection.php:53
      NunoMaduro\Collision\Exceptions\TestException::("SQLSTATE[HY000]: General error: 1364 Field 'username' doesn't have a default value")

  â”€â”€â”€â”€â”€â”€â”€â”€â”€â”€â”€â”€â”€â”€â”€â”€â”€â”€â”€â”€â”€â”€â”€â”€â”€â”€â”€â”€â”€â”€â”€â”€â”€â”€â”€â”€â”€â”€â”€â”€â”€â”€â”€â”€â”€â”€â”€â”€â”€â”€â”€â”€â”€â”€â”€â”€â”€â”€â”€â”€â”€â”€â”€â”€â”€â”€â”€â”€â”€â”€â”€â”€â”€â”€â”€â”€â”€â”€â”€â”€â”€â”€â”€â”€â”€â”€â”€â”€â”€â”€â”€â”€â”€â”€â”€â”€â”€â”€â”€â”€â”€â”€â”€â”€â”€â”€â”€â”€â”€â”€â”€â”€â”€â”€â”€â”€â”€â”€â”€â”€â”€â”€â”€â”€â”€â”€â”€â”€â”€â”€â”€â”€â”€â”€â”€â”€â”€â”€â”€â”€â”€â”€â”€â”€â”€â”€  
   FAILED  Tests\Feature\Auth\RoleAuthorizationTest > fallback route redirects to appropriate dashboard for authenticated user       QueryException   
  SQLSTATE[HY000]: General error: 1364 Field 'username' doesn't have a default value (Connection: mysql, SQL: insert into `users` (`name`, `email`, `email_verified_at`, `password`, `remember_token`, `role`, `updated_at`, `created_at`) values (Aliya Pagac, uoreilly@example.org, 2025-03-23 00:58:15, $2y$12$yjTxxbzmdbkUf04G2Z4HruxKM7GeGQiRRSk7mw3GX/jpFVBgmIIyC, j4yd5CJD22, admin, 2025-03-23 00:58:15, 2025-03-23 00:58:15))

  at vendor\laravel\framework\src\Illuminate\Database\Connection.php:823
    819â–•                     $this->getName(), $query, $this->prepareBindings($bindings), $e
    820â–•                 );
    821â–•             }
    822â–• 
  âžœ 823â–•             throw new QueryException(
    824â–•                 $this->getName(), $query, $this->prepareBindings($bindings), $e
    825â–•             );
    826â–•         }
    827â–•     }

  1   vendor\laravel\framework\src\Illuminate\Database\Connection.php:823

  2   vendor\laravel\framework\src\Illuminate\Database\MySqlConnection.php:53
      NunoMaduro\Collision\Exceptions\TestException::("SQLSTATE[HY000]: General error: 1364 Field 'username' doesn't have a default value")


  Tests:    41 failed, 1 risky, 25 passed (48 assertions)
  Duration: 3.08s

